app/build/intermediates/manifest_merge_blame_file/debug/processDebugMainManifest/manifest-merger-blame-debug-report.txt
1<?xml version="1.0" encoding="utf-8"?>
2<manifest xmlns:android="http://schemas.android.com/apk/res/android"
3    package="com.example.skillocal_final"
4    android:versionCode="1"
5    android:versionName="1.0" >
6
7    <uses-sdk
8        android:minSdkVersion="24"
9        android:targetSdkVersion="35" />
10
11    <uses-permission android:name="android.permission.INTERNET" />
11-->src\main\AndroidManifest.xml:4:5-67
11-->src\main\AndroidManifest.xml:4:22-64
12    <uses-permission android:name="android.permission.ACCESS_NETWORK_STATE" />
12-->src\main\AndroidManifest.xml:5:5-79
12-->src\main\AndroidManifest.xml:5:22-76
13
14    <permission
14-->[androidx.core:core:1.13.0] AndroidManifest.xml:22:5-24:47
15        android:name="com.example.skillocal_final.DYNAMIC_RECEIVER_NOT_EXPORTED_PERMISSION"
15-->[androidx.core:core:1.13.0] AndroidManifest.xml:23:9-81
16        android:protectionLevel="signature" />
16-->[androidx.core:core:1.13.0] AndroidManifest.xml:24:9-44
17
18    <uses-permission android:name="com.example.skillocal_final.DYNAMIC_RECEIVER_NOT_EXPORTED_PERMISSION" />
18-->[androidx.core:core:1.13.0] AndroidManifest.xml:26:5-97
18-->[androidx.core:core:1.13.0] AndroidManifest.xml:26:22-94
19
20    <application
20-->src\main\AndroidManifest.xml:7:5-47:19
21        android:allowBackup="true"
21-->src\main\AndroidManifest.xml:8:9-35
22        android:appComponentFactory="androidx.core.app.CoreComponentFactory"
22-->[androidx.core:core:1.13.0] AndroidManifest.xml:28:18-86
23        android:dataExtractionRules="@xml/data_extraction_rules"
23-->src\main\AndroidManifest.xml:9:9-65
24        android:debuggable="true"
25        android:extractNativeLibs="false"
26        android:fullBackupContent="@xml/backup_rules"
26-->src\main\AndroidManifest.xml:10:9-54
27        android:icon="@mipmap/logo"
27-->src\main\AndroidManifest.xml:11:9-36
28        android:label="@string/app_name"
28-->src\main\AndroidManifest.xml:12:9-41
29        android:roundIcon="@mipmap/logo_round"
29-->src\main\AndroidManifest.xml:13:9-47
30        android:supportsRtl="true"
30-->src\main\AndroidManifest.xml:14:9-35
31        android:testOnly="true"
32        android:theme="@style/Theme.SKILLocalfinal" >
32-->src\main\AndroidManifest.xml:15:9-52
33
34        <!-- Launcher -->
35        <activity
35-->src\main\AndroidManifest.xml:19:9-26:20
36            android:name="com.example.skillocal_final.LoginActivity"
36-->src\main\AndroidManifest.xml:20:13-42
37            android:exported="true" >
37-->src\main\AndroidManifest.xml:21:13-36
38            <intent-filter>
38-->src\main\AndroidManifest.xml:22:13-25:29
39                <action android:name="android.intent.action.MAIN" />
39-->src\main\AndroidManifest.xml:23:17-69
39-->src\main\AndroidManifest.xml:23:25-66
40
41                <category android:name="android.intent.category.LAUNCHER" />
41-->src\main\AndroidManifest.xml:24:17-77
41-->src\main\AndroidManifest.xml:24:27-74
42            </intent-filter>
43        </activity>
44        <activity
44-->src\main\AndroidManifest.xml:28:9-84
45            android:name="com.example.skillocal_final.CreateAccountActivity"
45-->src\main\AndroidManifest.xml:28:19-56
46            android:exported="false" />
46-->src\main\AndroidManifest.xml:28:57-81
47        <activity
47-->src\main\AndroidManifest.xml:29:9-75
48            android:name="com.example.skillocal_final.MainActivity"
48-->src\main\AndroidManifest.xml:29:19-47
49            android:exported="false" />
49-->src\main\AndroidManifest.xml:29:48-72
50        <activity
50-->src\main\AndroidManifest.xml:30:9-85
51            android:name="com.example.skillocal_final.EstablishmentsActivity"
51-->src\main\AndroidManifest.xml:30:19-57
52            android:exported="false" />
52-->src\main\AndroidManifest.xml:30:58-82
53        <activity
53-->src\main\AndroidManifest.xml:31:9-85
54            android:name="com.example.skillocal_final.AddEligibilityActivity"
54-->src\main\AndroidManifest.xml:31:19-57
55            android:exported="false" />
55-->src\main\AndroidManifest.xml:31:58-82
56        <activity
56-->src\main\AndroidManifest.xml:32:9-82
57            android:name="com.example.skillocal_final.AddTrainingActivity"
57-->src\main\AndroidManifest.xml:32:19-54
58            android:exported="false" />
58-->src\main\AndroidManifest.xml:32:55-79
59        <activity
59-->src\main\AndroidManifest.xml:33:9-88
60            android:name="com.example.skillocal_final.AddWorkExperienceActivity"
60-->src\main\AndroidManifest.xml:33:19-60
61            android:exported="false" />
61-->src\main\AndroidManifest.xml:33:61-85
62        <activity
62-->src\main\AndroidManifest.xml:34:9-89
63            android:name="com.example.skillocal_final.EditWorkExperienceActivity"
63-->src\main\AndroidManifest.xml:34:19-61
64            android:exported="false" />
64-->src\main\AndroidManifest.xml:34:62-86
65        <activity
65-->src\main\AndroidManifest.xml:35:9-86
66            android:name="com.example.skillocal_final.EditEligibilityActivity"
66-->src\main\AndroidManifest.xml:35:19-58
67            android:exported="false" />
67-->src\main\AndroidManifest.xml:35:59-83
68        <activity
68-->src\main\AndroidManifest.xml:36:9-83
69            android:name="com.example.skillocal_final.EditTrainingActivity"
69-->src\main\AndroidManifest.xml:36:19-55
70            android:exported="false" />
70-->src\main\AndroidManifest.xml:36:56-80
71        <activity
71-->src\main\AndroidManifest.xml:37:9-86
72            android:name="com.example.skillocal_final.CareerPortfolioActivity"
72-->src\main\AndroidManifest.xml:37:19-58
73            android:exported="false" />
73-->src\main\AndroidManifest.xml:37:59-83
74        <activity
74-->src\main\AndroidManifest.xml:38:9-85
75            android:name="com.example.skillocal_final.JobApplicationActivity"
75-->src\main\AndroidManifest.xml:38:19-57
76            android:exported="false" />
76-->src\main\AndroidManifest.xml:38:58-82
77        <activity
77-->src\main\AndroidManifest.xml:39:9-92
78            android:name="com.example.skillocal_final.ManageEmployerProfileActivity"
78-->src\main\AndroidManifest.xml:39:19-64
79            android:exported="false" />
79-->src\main\AndroidManifest.xml:39:65-89
80        <activity
80-->src\main\AndroidManifest.xml:40:9-92
81            android:name="com.example.skillocal_final.ManageEmployeeProfileActivity"
81-->src\main\AndroidManifest.xml:40:19-64
82            android:exported="false" />
82-->src\main\AndroidManifest.xml:40:65-89
83        <activity
83-->src\main\AndroidManifest.xml:41:9-81
84            android:name="com.example.skillocal_final.JobVacancyActivity"
84-->src\main\AndroidManifest.xml:41:19-53
85            android:exported="false" />
85-->src\main\AndroidManifest.xml:41:54-78
86        <activity
86-->src\main\AndroidManifest.xml:42:9-90
87            android:name="com.example.skillocal_final.JobMatchingEmployeeActivity"
87-->src\main\AndroidManifest.xml:42:19-62
88            android:exported="false" />
88-->src\main\AndroidManifest.xml:42:63-87
89        <activity
89-->src\main\AndroidManifest.xml:43:9-90
90            android:name="com.example.skillocal_final.JobMatchingEmployerActivity"
90-->src\main\AndroidManifest.xml:43:19-62
91            android:exported="false" />
91-->src\main\AndroidManifest.xml:43:63-87
92        <activity
92-->src\main\AndroidManifest.xml:44:9-85
93            android:name="com.example.skillocal_final.ForgotPasswordActivity"
93-->src\main\AndroidManifest.xml:44:19-57
94            android:exported="false" />
94-->src\main\AndroidManifest.xml:44:58-82
95        <activity
95-->src\main\AndroidManifest.xml:45:9-82
96            android:name="com.example.skillocal_final.JobsAppliedActivity"
96-->src\main\AndroidManifest.xml:45:19-54
97            android:exported="false" />
97-->src\main\AndroidManifest.xml:45:55-79
98        <activity
98-->src\main\AndroidManifest.xml:46:9-85
99            android:name="com.example.skillocal_final.ApplicantsListActivity"
99-->src\main\AndroidManifest.xml:46:19-57
100            android:exported="false" />
100-->src\main\AndroidManifest.xml:46:58-82
101
102        <provider
102-->[androidx.emoji2:emoji2:1.3.0] AndroidManifest.xml:24:9-32:20
103            android:name="androidx.startup.InitializationProvider"
103-->[androidx.emoji2:emoji2:1.3.0] AndroidManifest.xml:25:13-67
104            android:authorities="com.example.skillocal_final.androidx-startup"
104-->[androidx.emoji2:emoji2:1.3.0] AndroidManifest.xml:26:13-68
105            android:exported="false" >
105-->[androidx.emoji2:emoji2:1.3.0] AndroidManifest.xml:27:13-37
106            <meta-data
106-->[androidx.emoji2:emoji2:1.3.0] AndroidManifest.xml:29:13-31:52
107                android:name="androidx.emoji2.text.EmojiCompatInitializer"
107-->[androidx.emoji2:emoji2:1.3.0] AndroidManifest.xml:30:17-75
108                android:value="androidx.startup" />
108-->[androidx.emoji2:emoji2:1.3.0] AndroidManifest.xml:31:17-49
109            <meta-data
109-->[androidx.lifecycle:lifecycle-process:2.6.2] AndroidManifest.xml:29:13-31:52
110                android:name="androidx.lifecycle.ProcessLifecycleInitializer"
110-->[androidx.lifecycle:lifecycle-process:2.6.2] AndroidManifest.xml:30:17-78
111                android:value="androidx.startup" />
111-->[androidx.lifecycle:lifecycle-process:2.6.2] AndroidManifest.xml:31:17-49
112            <meta-data
112-->[androidx.profileinstaller:profileinstaller:1.4.0] AndroidManifest.xml:29:13-31:52
113                android:name="androidx.profileinstaller.ProfileInstallerInitializer"
113-->[androidx.profileinstaller:profileinstaller:1.4.0] AndroidManifest.xml:30:17-85
114                android:value="androidx.startup" />
114-->[androidx.profileinstaller:profileinstaller:1.4.0] AndroidManifest.xml:31:17-49
115        </provider>
116
117        <receiver
117-->[androidx.profileinstaller:profileinstaller:1.4.0] AndroidManifest.xml:34:9-52:20
118            android:name="androidx.profileinstaller.ProfileInstallReceiver"
118-->[androidx.profileinstaller:profileinstaller:1.4.0] AndroidManifest.xml:35:13-76
119            android:directBootAware="false"
119-->[androidx.profileinstaller:profileinstaller:1.4.0] AndroidManifest.xml:36:13-44
120            android:enabled="true"
120-->[androidx.profileinstaller:profileinstaller:1.4.0] AndroidManifest.xml:37:13-35
121            android:exported="true"
121-->[androidx.profileinstaller:profileinstaller:1.4.0] AndroidManifest.xml:38:13-36
122            android:permission="android.permission.DUMP" >
122-->[androidx.profileinstaller:profileinstaller:1.4.0] AndroidManifest.xml:39:13-57
123            <intent-filter>
123-->[androidx.profileinstaller:profileinstaller:1.4.0] AndroidManifest.xml:40:13-42:29
124                <action android:name="androidx.profileinstaller.action.INSTALL_PROFILE" />
124-->[androidx.profileinstaller:profileinstaller:1.4.0] AndroidManifest.xml:41:17-91
124-->[androidx.profileinstaller:profileinstaller:1.4.0] AndroidManifest.xml:41:25-88
125            </intent-filter>
126            <intent-filter>
126-->[androidx.profileinstaller:profileinstaller:1.4.0] AndroidManifest.xml:43:13-45:29
127                <action android:name="androidx.profileinstaller.action.SKIP_FILE" />
127-->[androidx.profileinstaller:profileinstaller:1.4.0] AndroidManifest.xml:44:17-85
127-->[androidx.profileinstaller:profileinstaller:1.4.0] AndroidManifest.xml:44:25-82
128            </intent-filter>
129            <intent-filter>
129-->[androidx.profileinstaller:profileinstaller:1.4.0] AndroidManifest.xml:46:13-48:29
130                <action android:name="androidx.profileinstaller.action.SAVE_PROFILE" />
130-->[androidx.profileinstaller:profileinstaller:1.4.0] AndroidManifest.xml:47:17-88
130-->[androidx.profileinstaller:profileinstaller:1.4.0] AndroidManifest.xml:47:25-85
131            </intent-filter>
132            <intent-filter>
132-->[androidx.profileinstaller:profileinstaller:1.4.0] AndroidManifest.xml:49:13-51:29
133                <action android:name="androidx.profileinstaller.action.BENCHMARK_OPERATION" />
133-->[androidx.profileinstaller:profileinstaller:1.4.0] AndroidManifest.xml:50:17-95
133-->[androidx.profileinstaller:profileinstaller:1.4.0] AndroidManifest.xml:50:25-92
134            </intent-filter>
135        </receiver>
136    </application>
137
138</manifest>